  Sortir.cpp
d:\последний семестр\курсач по быкову\sortir\sortir\sortir.cpp(109): warning C4554: &: проверьте порядок применения операторов на наличие ошибки; для четкого задания порядка используйте скобки
d:\последний семестр\курсач по быкову\sortir\sortir\sortir.cpp(136): error C2065: VvodZnach: необъявленный идентификатор
d:\последний семестр\курсач по быкову\sortir\sortir\sortir.cpp(136): error C2146: синтаксическая ошибка: отсутствие ";" перед идентификатором "v1"
d:\последний семестр\курсач по быкову\sortir\sortir\sortir.cpp(136): error C2065: v1: необъявленный идентификатор
d:\последний семестр\курсач по быкову\sortir\sortir\sortir.cpp(137): error C2065: v1: необъявленный идентификатор
d:\последний семестр\курсач по быкову\sortir\sortir\sortir.cpp(137): error C2228: выражение слева от ".vvodStr" должно представлять класс, структуру или объединение
  d:\последний семестр\курсач по быкову\sortir\sortir\sortir.cpp(137): note: тип: unknown-type
d:\последний семестр\курсач по быкову\sortir\sortir\sortir.cpp(198): error C2065: SortChisla: необъявленный идентификатор
d:\последний семестр\курсач по быкову\sortir\sortir\sortir.cpp(198): error C2146: синтаксическая ошибка: отсутствие ";" перед идентификатором "v1"
d:\последний семестр\курсач по быкову\sortir\sortir\sortir.cpp(198): error C2065: v1: необъявленный идентификатор
d:\последний семестр\курсач по быкову\sortir\sortir\sortir.cpp(199): error C2065: SortText: необъявленный идентификатор
d:\последний семестр\курсач по быкову\sortir\sortir\sortir.cpp(199): error C2146: синтаксическая ошибка: отсутствие ";" перед идентификатором "v2"
d:\последний семестр\курсач по быкову\sortir\sortir\sortir.cpp(199): error C2065: v2: необъявленный идентификатор
d:\последний семестр\курсач по быкову\sortir\sortir\sortir.cpp(205): error C2065: v1: необъявленный идентификатор
d:\последний семестр\курсач по быкову\sortir\sortir\sortir.cpp(205): error C2228: выражение слева от ".viborMetoda" должно представлять класс, структуру или объединение
  d:\последний семестр\курсач по быкову\sortir\sortir\sortir.cpp(205): note: тип: unknown-type
d:\последний семестр\курсач по быкову\sortir\sortir\sortir.cpp(207): error C2065: v2: необъявленный идентификатор
d:\последний семестр\курсач по быкову\sortir\sortir\sortir.cpp(207): error C2228: выражение слева от ".viborMetoda" должно представлять класс, структуру или объединение
  d:\последний семестр\курсач по быкову\sortir\sortir\sortir.cpp(207): note: тип: unknown-type
d:\последний семестр\курсач по быкову\sortir\sortir\sortir.cpp(237): error C2065: VvodZnach: необъявленный идентификатор
d:\последний семестр\курсач по быкову\sortir\sortir\sortir.cpp(237): error C2146: синтаксическая ошибка: отсутствие ";" перед идентификатором "v2"
d:\последний семестр\курсач по быкову\sortir\sortir\sortir.cpp(237): error C2065: v2: необъявленный идентификатор
d:\последний семестр\курсач по быкову\sortir\sortir\sortir.cpp(244): error C2065: v2: необъявленный идентификатор
d:\последний семестр\курсач по быкову\sortir\sortir\sortir.cpp(244): error C2228: выражение слева от ".vvodChisMas" должно представлять класс, структуру или объединение
  d:\последний семестр\курсач по быкову\sortir\sortir\sortir.cpp(244): note: тип: unknown-type
d:\последний семестр\курсач по быкову\sortir\sortir\sortir.cpp(244): error C2228: выражение слева от ".setRazmer" должно представлять класс, структуру или объединение
  d:\последний семестр\курсач по быкову\sortir\sortir\sortir.cpp(244): note: тип: unknown-type
d:\последний семестр\курсач по быкову\sortir\sortir\sortir.cpp(244): error C2660: SortAlgoChisla::selectionSort: функция не принимает 1 аргументов
d:\последний семестр\курсач по быкову\sortir\sortir\sortir.cpp(247): error C2065: v2: необъявленный идентификатор
d:\последний семестр\курсач по быкову\sortir\sortir\sortir.cpp(247): error C2228: выражение слева от ".vvodChisMas" должно представлять класс, структуру или объединение
  d:\последний семестр\курсач по быкову\sortir\sortir\sortir.cpp(247): note: тип: unknown-type
d:\последний семестр\курсач по быкову\sortir\sortir\sortir.cpp(247): error C2228: выражение слева от ".setRazmer" должно представлять класс, структуру или объединение
  d:\последний семестр\курсач по быкову\sortir\sortir\sortir.cpp(247): note: тип: unknown-type
d:\последний семестр\курсач по быкову\sortir\sortir\sortir.cpp(247): error C2660: SortAlgoChisla::bubbleSort: функция не принимает 1 аргументов
d:\последний семестр\курсач по быкову\sortir\sortir\sortir.cpp(250): error C2065: v2: необъявленный идентификатор
d:\последний семестр\курсач по быкову\sortir\sortir\sortir.cpp(250): error C2228: выражение слева от ".vvodChisMas" должно представлять класс, структуру или объединение
  d:\последний семестр\курсач по быкову\sortir\sortir\sortir.cpp(250): note: тип: unknown-type
d:\последний семестр\курсач по быкову\sortir\sortir\sortir.cpp(250): error C2228: выражение слева от ".setRazmer" должно представлять класс, структуру или объединение
  d:\последний семестр\курсач по быкову\sortir\sortir\sortir.cpp(250): note: тип: unknown-type
d:\последний семестр\курсач по быкову\sortir\sortir\sortir.cpp(250): error C2660: SortAlgoChisla::insertionSort: функция не принимает 1 аргументов
d:\последний семестр\курсач по быкову\sortir\sortir\sortir.cpp(253): error C2065: v2: необъявленный идентификатор
d:\последний семестр\курсач по быкову\sortir\sortir\sortir.cpp(253): error C2228: выражение слева от ".vvodChisMas" должно представлять класс, структуру или объединение
  d:\последний семестр\курсач по быкову\sortir\sortir\sortir.cpp(253): note: тип: unknown-type
d:\последний семестр\курсач по быкову\sortir\sortir\sortir.cpp(253): error C2228: выражение слева от ".setRazmer" должно представлять класс, структуру или объединение
  d:\последний семестр\курсач по быкову\sortir\sortir\sortir.cpp(253): note: тип: unknown-type
d:\последний семестр\курсач по быкову\sortir\sortir\sortir.cpp(253): error C2660: SortAlgoChisla::mergeSort: функция не принимает 1 аргументов
